<?xml version="1.0" encoding="UTF-8"?>
<!-- Generated by org.testng.reporters.JUnitXMLReporter -->
<testsuite ignored="0" hostname="ramsiri" failures="0" tests="5" name="Default test" time="28.991" errors="0" timestamp="2021-04-07T13:28:57 AEST">
  <testcase classname="testngpractice.Honey" name="testcase3" time="7.183"/>
  <testcase classname="testngpractice.Honey" name="testcase4" time="4.915"/>
  <testcase classname="testngpractice.Honey" name="testcase5" time="4.79"/>
  <testcase classname="testngpractice.Honey" name="testcase6" time="4.35"/>
  <testcase classname="testngpractice.Honey" name="testecase2" time="7.674"/>
</testsuite> <!-- Default test -->
