<?xml version="1.0" encoding="UTF-8"?>
<testng-results ignored="0" total="5" passed="5" failed="0" skipped="0">
  <reporter-output>
  </reporter-output>
  <suite started-at="2021-04-07T13:28:28 AEST" name="Default suite" finished-at="2021-04-07T13:28:57 AEST" duration-ms="28991">
    <groups>
      <group name="login">
        <method signature="Honey.testecase2()[pri:1, instance:testngpractice.Honey@23f7d05d]" name="testecase2" class="testngpractice.Honey"/>
      </group> <!-- login -->
    </groups>
    <test started-at="2021-04-07T13:28:28 AEST" name="Default test" finished-at="2021-04-07T13:28:57 AEST" duration-ms="28991">
      <class name="testngpractice.Honey">
        <test-method signature="testcase3()[pri:0, instance:testngpractice.Honey@23f7d05d]" started-at="2021-04-07T13:28:28 AEST" name="testcase3" finished-at="2021-04-07T13:28:36 AEST" duration-ms="7183" status="PASS">
          <reporter-output>
          </reporter-output>
        </test-method> <!-- testcase3 -->
        <test-method signature="testcase4()[pri:0, instance:testngpractice.Honey@23f7d05d]" started-at="2021-04-07T13:28:36 AEST" name="testcase4" finished-at="2021-04-07T13:28:41 AEST" duration-ms="4915" status="PASS">
          <reporter-output>
          </reporter-output>
        </test-method> <!-- testcase4 -->
        <test-method signature="testcase5()[pri:0, instance:testngpractice.Honey@23f7d05d]" started-at="2021-04-07T13:28:41 AEST" name="testcase5" finished-at="2021-04-07T13:28:45 AEST" duration-ms="4790" status="PASS">
          <reporter-output>
          </reporter-output>
        </test-method> <!-- testcase5 -->
        <test-method signature="testcase6()[pri:0, instance:testngpractice.Honey@23f7d05d]" started-at="2021-04-07T13:28:45 AEST" name="testcase6" finished-at="2021-04-07T13:28:50 AEST" duration-ms="4350" status="PASS">
          <reporter-output>
          </reporter-output>
        </test-method> <!-- testcase6 -->
        <test-method signature="testecase2()[pri:1, instance:testngpractice.Honey@23f7d05d]" started-at="2021-04-07T13:28:50 AEST" name="testecase2" finished-at="2021-04-07T13:28:57 AEST" duration-ms="7674" status="PASS">
          <reporter-output>
          </reporter-output>
        </test-method> <!-- testecase2 -->
      </class> <!-- testngpractice.Honey -->
    </test> <!-- Default test -->
  </suite> <!-- Default suite -->
</testng-results>
